<?xml version="1.0" encoding="UTF-8"?>
<!-- Generated by org.testng.reporters.JUnitReportReporter -->
<testsuite skipped="0" hostname="Aslanbeks-MacBook-Pro.local" name="com.ninja.tests.TestUsingMaven" tests="1" failures="0" timestamp="14 Mar 2018 01:34:40 GMT" time="5.496" errors="0">
  <testcase name="test" time="5.496" classname="com.ninja.tests.TestUsingMaven"/>
</testsuite> <!-- com.ninja.tests.TestUsingMaven -->
